#
# There is insufficient memory for the Java Runtime Environment to continue.
# Native memory allocation (malloc) failed to allocate 1118176 bytes for Chunk::new
# Possible reasons:
#   The system is out of physical RAM or swap space
#   The process is running with CompressedOops enabled, and the Java Heap may be blocking the growth of the native heap
# Possible solutions:
#   Reduce memory load on the system
#   Increase physical memory or swap space
#   Check if swap backing store is full
#   Decrease Java heap size (-Xmx/-Xms)
#   Decrease number of Java threads
#   Decrease Java thread stack sizes (-Xss)
#   Set larger code cache with -XX:ReservedCodeCacheSize=
#   JVM is running with Unscaled Compressed Oops mode in which the Java heap is
#     placed in the first 4GB address space. The Java Heap base address is the
#     maximum limit for the native heap growth. Please use -XX:HeapBaseMinAddress
#     to set the Java Heap base and to place the Java Heap above 4GB virtual address.
# This output file may be truncated or incomplete.
#
#  Out of Memory Error (allocation.cpp:389), pid=7200, tid=0x0000000000001354
#
# JRE version: OpenJDK Runtime Environment (8.0_242-b01) (build 1.8.0_242-release-1644-b01)
# Java VM: OpenJDK 64-Bit Server VM (25.242-b01 mixed mode windows-amd64 compressed oops)
# Failed to write core dump. Minidumps are not enabled by default on client versions of Windows
#

---------------  T H R E A D  ---------------

Current thread (0x0000000017f87000):  JavaThread "C2 CompilerThread1" daemon [_thread_in_native, id=4948, stack(0x0000000019700000,0x0000000019800000)]

Stack: [0x0000000019700000,0x0000000019800000]
[error occurred during error reporting (printing stack bounds), id 0xc0000005]

Native frames: (J=compiled Java code, j=interpreted, Vv=VM code, C=native code)


Current CompileTask:
C2:  15185 2729       4       groovy.lang.MetaClassImpl$1MOPIter::methodNameAction (325 bytes)


---------------  P R O C E S S  ---------------

Java Threads: ( => current thread )
  0x000000001c687800 JavaThread "Cache worker for file content cache (C:\Users\LAWAL\.gradle\caches\6.5\fileContent)" [_thread_blocked, id=12372, stack(0x0000000023620000,0x0000000023720000)]
  0x000000001c684800 JavaThread "Cache worker for execution history cache (C:\Users\LAWAL\.gradle\caches\6.5\executionHistory)" [_thread_blocked, id=13232, stack(0x0000000023120000,0x0000000023220000)]
  0x000000001c683800 JavaThread "Cache worker for cache directory md-rule (C:\Users\LAWAL\.gradle\caches\6.5\md-rule)" [_thread_blocked, id=14484, stack(0x0000000022e20000,0x0000000022f20000)]
  0x000000001c686800 JavaThread "Cache worker for cache directory md-supplier (C:\Users\LAWAL\.gradle\caches\6.5\md-supplier)" [_thread_blocked, id=3240, stack(0x0000000022d20000,0x0000000022e20000)]
  0x000000001c686000 JavaThread "Cache worker for checksums cache (C:\Users\LAWAL\AndroidStudioProjects\Exposed_Drop_Down_SS\.gradle\checksums)" [_thread_blocked, id=16468, stack(0x0000000022c20000,0x0000000022d20000)]
  0x000000001c683000 JavaThread "jar transforms Thread 20" [_thread_blocked, id=5476, stack(0x0000000022920000,0x0000000022a20000)]
  0x000000001c67b800 JavaThread "jar transforms Thread 19" [_thread_blocked, id=8616, stack(0x0000000022720000,0x0000000022820000)]
  0x000000001c682000 JavaThread "jar transforms Thread 18" [_thread_blocked, id=15988, stack(0x0000000022620000,0x0000000022720000)]
  0x000000001c67a800 JavaThread "jar transforms Thread 17" [_thread_blocked, id=15428, stack(0x0000000022520000,0x0000000022620000)]
  0x000000001c680800 JavaThread "jar transforms Thread 16" [_thread_blocked, id=1272, stack(0x0000000022420000,0x0000000022520000)]
  0x000000001c681800 JavaThread "jar transforms Thread 15" [_thread_blocked, id=6108, stack(0x0000000022320000,0x0000000022420000)]
  0x000000001c679000 JavaThread "jar transforms Thread 14" [_thread_blocked, id=7300, stack(0x0000000022220000,0x0000000022320000)]
  0x000000001c680000 JavaThread "jar transforms Thread 13" [_thread_blocked, id=3212, stack(0x0000000022120000,0x0000000022220000)]
  0x000000001c67d800 JavaThread "jar transforms Thread 12" [_thread_blocked, id=6760, stack(0x0000000022020000,0x0000000022120000)]
  0x000000001c67c000 JavaThread "jar transforms Thread 11" [_thread_blocked, id=5820, stack(0x0000000021f20000,0x0000000022020000)]
  0x000000001c67d000 JavaThread "jar transforms Thread 10" [_thread_blocked, id=3360, stack(0x0000000021e20000,0x0000000021f20000)]
  0x000000001c67e800 JavaThread "jar transforms Thread 9" [_thread_blocked, id=14380, stack(0x0000000021d20000,0x0000000021e20000)]
  0x000000001c67f000 JavaThread "jar transforms Thread 8" [_thread_blocked, id=8900, stack(0x0000000021c20000,0x0000000021d20000)]
  0x000000001c67a000 JavaThread "jar transforms Thread 7" [_thread_blocked, id=17500, stack(0x0000000021b20000,0x0000000021c20000)]
  0x000000001a4f6800 JavaThread "jar transforms Thread 6" [_thread_blocked, id=12352, stack(0x0000000021a20000,0x0000000021b20000)]
  0x000000001a4f9800 JavaThread "jar transforms Thread 5" [_thread_blocked, id=13948, stack(0x0000000021920000,0x0000000021a20000)]
  0x000000001a4f5000 JavaThread "jar transforms Thread 4" [_thread_blocked, id=13352, stack(0x00000000204c0000,0x00000000205c0000)]
  0x000000001a4f6000 JavaThread "jar transforms Thread 3" [_thread_blocked, id=7448, stack(0x00000000203c0000,0x00000000204c0000)]
  0x000000001a4f4800 JavaThread "jar transforms Thread 2" [_thread_blocked, id=7396, stack(0x00000000202c0000,0x00000000203c0000)]
  0x000000001a4f3000 JavaThread "jar transforms" [_thread_blocked, id=13160, stack(0x00000000201c0000,0x00000000202c0000)]
  0x000000001a4f9000 JavaThread "Cache worker for file hash cache (C:\Users\LAWAL\AndroidStudioProjects\Exposed_Drop_Down_SS\.gradle\6.5\fileHashes)" [_thread_blocked, id=3560, stack(0x0000000021820000,0x0000000021920000)]
  0x000000001a4f8000 JavaThread "Cache worker for file hash cache (C:\Users\LAWAL\.gradle\caches\6.5\fileHashes)" [_thread_blocked, id=16128, stack(0x000000001df20000,0x000000001e020000)]
  0x000000001a4f3800 JavaThread "File lock request listener" [_thread_in_native, id=17124, stack(0x000000001de20000,0x000000001df20000)]
  0x000000001a4f7800 JavaThread "Cache worker for journal cache (C:\Users\LAWAL\.gradle\caches\journal-1)" [_thread_blocked, id=7792, stack(0x000000001dd20000,0x000000001de20000)]
  0x000000001ae3e800 JavaThread "Thread-9" [_thread_blocked, id=10740, stack(0x000000001da20000,0x000000001db20000)]
  0x000000001ae3e000 JavaThread "Stdin handler" [_thread_blocked, id=13872, stack(0x000000001d920000,0x000000001da20000)]
  0x0000000019cbc000 JavaThread "Asynchronous log dispatcher for DefaultDaemonConnection: socket connection from /127.0.0.1:62746 to /127.0.0.1:62747" [_thread_blocked, id=1176, stack(0x000000001d820000,0x000000001d920000)]
  0x0000000019cb9000 JavaThread "Daemon worker" [_thread_in_native, id=8412, stack(0x000000001d720000,0x000000001d820000)]
  0x000000001ae29000 JavaThread "Cancel handler" [_thread_blocked, id=8188, stack(0x000000001d620000,0x000000001d720000)]
  0x0000000019aaf800 JavaThread "Handler for socket connection from /127.0.0.1:62746 to /127.0.0.1:62747" [_thread_in_native, id=12160, stack(0x000000001d520000,0x000000001d620000)]
  0x000000001a500000 JavaThread "Daemon" [_thread_blocked, id=12608, stack(0x000000001d420000,0x000000001d520000)]
  0x000000001a4ff800 JavaThread "Daemon periodic checks" [_thread_blocked, id=15460, stack(0x000000001d120000,0x000000001d220000)]
  0x000000001b108000 JavaThread "Incoming local TCP Connector on port 62746" [_thread_in_native, id=14440, stack(0x000000001cee0000,0x000000001cfe0000)]
  0x000000001b833000 JavaThread "Daemon health stats" [_thread_blocked, id=9988, stack(0x000000001c8a0000,0x000000001c9a0000)]
  0x0000000017fcd000 JavaThread "Service Thread" daemon [_thread_blocked, id=16380, stack(0x0000000019d00000,0x0000000019e00000)]
  0x0000000017f8c000 JavaThread "C1 CompilerThread2" daemon [_thread_blocked, id=14988, stack(0x0000000019800000,0x0000000019900000)]
=>0x0000000017f87000 JavaThread "C2 CompilerThread1" daemon [_thread_in_native, id=4948, stack(0x0000000019700000,0x0000000019800000)]
  0x0000000017f79000 JavaThread "C2 CompilerThread0" daemon [_thread_blocked, id=16888, stack(0x0000000019600000,0x0000000019700000)]
  0x0000000017f77800 JavaThread "Attach Listener" daemon [_thread_blocked, id=8872, stack(0x0000000019500000,0x0000000019600000)]
  0x0000000017f76000 JavaThread "Signal Dispatcher" daemon [_thread_blocked, id=3692, stack(0x0000000019400000,0x0000000019500000)]
  0x000000000334b000 JavaThread "Finalizer" daemon [_thread_blocked, id=10776, stack(0x00000000191f0000,0x00000000192f0000)]
  0x0000000017f59000 JavaThread "Reference Handler" daemon [_thread_blocked, id=11568, stack(0x00000000190f0000,0x00000000191f0000)]
  0x00000000014de000 JavaThread "main" [_thread_blocked, id=18100, stack(0x0000000003150000,0x0000000003250000)]

Other Threads:
  0x0000000017f36000 VMThread [stack: 0x0000000018ff0000,0x00000000190f0000] [id=5248]
  0x0000000017fce800 WatcherThread [stack: 0x0000000019e00000,0x0000000019f00000] [id=13552]

VM state:not at safepoint (normal execution)

VM Mutex/Monitor currently owned by a thread: None

heap address: 0x0000000080000000, size: 2048 MB, Compressed Oops mode: 32-bit
Narrow klass base: 0x0000000000000000, Narrow klass shift: 3
Compressed class space size: 1073741824 Address: 0x0000000100000000

Heap:
 PSYoungGen      total 120832K, used 23790K [0x00000000d5580000, 0x00000000dd880000, 0x0000000100000000)
  eden space 110592K, 12% used [0x00000000d5580000,0x00000000d62f8930,0x00000000dc180000)
  from space 10240K, 97% used [0x00000000dcd80000,0x00000000dd742fb8,0x00000000dd780000)
  to   space 11776K, 0% used [0x00000000dc180000,0x00000000dc180000,0x00000000dcd00000)
 ParOldGen       total 54784K, used 9047K [0x0000000080000000, 0x0000000083580000, 0x00000000d5580000)
  object space 54784K, 16% used [0x0000000080000000,0x00000000808d5c28,0x0000000083580000)
 Metaspace       used 33412K, capacity 34768K, committed 34944K, reserved 1079296K
  class space    used 4526K, capacity 4869K, committed 4992K, reserved 1048576K

Card table byte_map: [0x0000000012710000,0x0000000012b20000] byte_map_base: 0x0000000012310000

Marking Bits: (ParMarkBitMap*) 0x00000000716ff030
 Begin Bits: [0x00000000131d0000, 0x00000000151d0000)
 End Bits:   [0x00000000151d0000, 0x00000000171d0000)

Polling page: 0x0000000001aa0000

CodeCache: size=245760Kb used=10040Kb max_used=10064Kb free=235719Kb
 bounds [0x0000000003350000, 0x0000000003d30000, 0x0000000012350000]
 total_blobs=3278 nmethods=2588 adapters=602
 compilation: enabled

Compilation events (10 events):
Event: 15.155 Thread 0x0000000017f79000 2733       4       org.codehaus.groovy.runtime.metaclass.MetaMethodIndex::hash (31 bytes)
Event: 15.155 Thread 0x0000000017f8c000 2836       1       com.google.common.collect.MapMakerInternalMap$AbstractStrongKeyEntry::getNext (5 bytes)
Event: 15.155 Thread 0x0000000017f8c000 nmethod 2836 0x0000000003d064d0 code [0x0000000003d06620, 0x0000000003d06730]
Event: 15.155 Thread 0x0000000017f79000 nmethod 2733 0x0000000003d062d0 code [0x0000000003d06400, 0x0000000003d06478]
Event: 15.159 Thread 0x0000000017f8c000 2837       3       com.google.common.collect.MapMakerInternalMap::hash (14 bytes)
Event: 15.159 Thread 0x0000000017f8c000 nmethod 2837 0x0000000003d0d910 code [0x0000000003d0daa0, 0x0000000003d0ddf8]
Event: 15.159 Thread 0x0000000017f8c000 2838       3       com.google.common.collect.MapMakerInternalMap::rehash (49 bytes)
Event: 15.159 Thread 0x0000000017f8c000 nmethod 2838 0x0000000003d0d5d0 code [0x0000000003d0d720, 0x0000000003d0d890]
Event: 15.159 Thread 0x0000000017f8c000 2839       3       com.google.common.collect.MapMakerInternalMap::segmentFor (17 bytes)
Event: 15.159 Thread 0x0000000017f8c000 nmethod 2839 0x0000000003d0d210 code [0x0000000003d0d360, 0x0000000003d0d4f0]

GC Heap History (10 events):
Event: 8.086 GC heap before
{Heap before GC invocations=5 (full 0):
 PSYoungGen      total 38400K, used 38368K [0x00000000d5580000, 0x00000000d8000000, 0x0000000100000000)
  eden space 33280K, 100% used [0x00000000d5580000,0x00000000d7600000,0x00000000d7600000)
  from space 5120K, 99% used [0x00000000d7b00000,0x00000000d7ff81d8,0x00000000d8000000)
  to   space 5120K, 0% used [0x00000000d7600000,0x00000000d7600000,0x00000000d7b00000)
 ParOldGen       total 87552K, used 3742K [0x0000000080000000, 0x0000000085580000, 0x00000000d5580000)
  object space 87552K, 4% used [0x0000000080000000,0x00000000803a78d0,0x0000000085580000)
 Metaspace       used 17780K, capacity 18370K, committed 18560K, reserved 1064960K
  class space    used 2434K, capacity 2639K, committed 2688K, reserved 1048576K
Event: 8.120 GC heap after
Heap after GC invocations=5 (full 0):
 PSYoungGen      total 38400K, used 5104K [0x00000000d5580000, 0x00000000daa80000, 0x0000000100000000)
  eden space 33280K, 0% used [0x00000000d5580000,0x00000000d5580000,0x00000000d7600000)
  from space 5120K, 99% used [0x00000000d7600000,0x00000000d7afc030,0x00000000d7b00000)
  to   space 10240K, 0% used [0x00000000da080000,0x00000000da080000,0x00000000daa80000)
 ParOldGen       total 87552K, used 6713K [0x0000000080000000, 0x0000000085580000, 0x00000000d5580000)
  object space 87552K, 7% used [0x0000000080000000,0x000000008068e418,0x0000000085580000)
 Metaspace       used 17780K, capacity 18370K, committed 18560K, reserved 1064960K
  class space    used 2434K, capacity 2639K, committed 2688K, reserved 1048576K
}
Event: 8.573 GC heap before
{Heap before GC invocations=6 (full 0):
 PSYoungGen      total 38400K, used 34862K [0x00000000d5580000, 0x00000000daa80000, 0x0000000100000000)
  eden space 33280K, 89% used [0x00000000d5580000,0x00000000d728fbb8,0x00000000d7600000)
  from space 5120K, 99% used [0x00000000d7600000,0x00000000d7afc030,0x00000000d7b00000)
  to   space 10240K, 0% used [0x00000000da080000,0x00000000da080000,0x00000000daa80000)
 ParOldGen       total 87552K, used 6713K [0x0000000080000000, 0x0000000085580000, 0x00000000d5580000)
  object space 87552K, 7% used [0x0000000080000000,0x000000008068e418,0x0000000085580000)
 Metaspace       used 20493K, capacity 21216K, committed 21296K, reserved 1067008K
  class space    used 2854K, capacity 3036K, committed 3072K, reserved 1048576K
Event: 8.585 GC heap after
Heap after GC invocations=6 (full 0):
 PSYoungGen      total 76288K, used 8461K [0x00000000d5580000, 0x00000000dab80000, 0x0000000100000000)
  eden space 66048K, 0% used [0x00000000d5580000,0x00000000d5580000,0x00000000d9600000)
  from space 10240K, 82% used [0x00000000da080000,0x00000000da8c3560,0x00000000daa80000)
  to   space 10752K, 0% used [0x00000000d9600000,0x00000000d9600000,0x00000000da080000)
 ParOldGen       total 87552K, used 6721K [0x0000000080000000, 0x0000000085580000, 0x00000000d5580000)
  object space 87552K, 7% used [0x0000000080000000,0x0000000080690418,0x0000000085580000)
 Metaspace       used 20493K, capacity 21216K, committed 21296K, reserved 1067008K
  class space    used 2854K, capacity 3036K, committed 3072K, reserved 1048576K
}
Event: 8.585 GC heap before
{Heap before GC invocations=7 (full 1):
 PSYoungGen      total 76288K, used 8461K [0x00000000d5580000, 0x00000000dab80000, 0x0000000100000000)
  eden space 66048K, 0% used [0x00000000d5580000,0x00000000d5580000,0x00000000d9600000)
  from space 10240K, 82% used [0x00000000da080000,0x00000000da8c3560,0x00000000daa80000)
  to   space 10752K, 0% used [0x00000000d9600000,0x00000000d9600000,0x00000000da080000)
 ParOldGen       total 87552K, used 6721K [0x0000000080000000, 0x0000000085580000, 0x00000000d5580000)
  object space 87552K, 7% used [0x0000000080000000,0x0000000080690418,0x0000000085580000)
 Metaspace       used 20493K, capacity 21216K, committed 21296K, reserved 1067008K
  class space    used 2854K, capacity 3036K, committed 3072K, reserved 1048576K
Event: 8.650 GC heap after
Heap after GC invocations=7 (full 1):
 PSYoungGen      total 76288K, used 0K [0x00000000d5580000, 0x00000000dab80000, 0x0000000100000000)
  eden space 66048K, 0% used [0x00000000d5580000,0x00000000d5580000,0x00000000d9600000)
  from space 10240K, 0% used [0x00000000da080000,0x00000000da080000,0x00000000daa80000)
  to   space 10752K, 0% used [0x00000000d9600000,0x00000000d9600000,0x00000000da080000)
 ParOldGen       total 54784K, used 9031K [0x0000000080000000, 0x0000000083580000, 0x00000000d5580000)
  object space 54784K, 16% used [0x0000000080000000,0x00000000808d1c28,0x0000000083580000)
 Metaspace       used 20493K, capacity 21216K, committed 21296K, reserved 1067008K
  class space    used 2854K, capacity 3036K, committed 3072K, reserved 1048576K
}
Event: 12.168 GC heap before
{Heap before GC invocations=8 (full 1):
 PSYoungGen      total 76288K, used 66048K [0x00000000d5580000, 0x00000000dab80000, 0x0000000100000000)
  eden space 66048K, 100% used [0x00000000d5580000,0x00000000d9600000,0x00000000d9600000)
  from space 10240K, 0% used [0x00000000da080000,0x00000000da080000,0x00000000daa80000)
  to   space 10752K, 0% used [0x00000000d9600000,0x00000000d9600000,0x00000000da080000)
 ParOldGen       total 54784K, used 9031K [0x0000000080000000, 0x0000000083580000, 0x00000000d5580000)
  object space 54784K, 16% used [0x0000000080000000,0x00000000808d1c28,0x0000000083580000)
 Metaspace       used 25262K, capacity 26304K, committed 26496K, reserved 1071104K
  class space    used 3598K, capacity 3855K, committed 3968K, reserved 1048576K
Event: 12.178 GC heap after
Heap after GC invocations=8 (full 1):
 PSYoungGen      total 76800K, used 6551K [0x00000000d5580000, 0x00000000dd780000, 0x0000000100000000)
  eden space 66048K, 0% used [0x00000000d5580000,0x00000000d5580000,0x00000000d9600000)
  from space 10752K, 60% used [0x00000000d9600000,0x00000000d9c65ca8,0x00000000da080000)
  to   space 10240K, 0% used [0x00000000dcd80000,0x00000000dcd80000,0x00000000dd780000)
 ParOldGen       total 54784K, used 9039K [0x0000000080000000, 0x0000000083580000, 0x00000000d5580000)
  object space 54784K, 16% used [0x0000000080000000,0x00000000808d3c28,0x0000000083580000)
 Metaspace       used 25262K, capacity 26304K, committed 26496K, reserved 1071104K
  class space    used 3598K, capacity 3855K, committed 3968K, reserved 1048576K
}
Event: 14.364 GC heap before
{Heap before GC invocations=9 (full 1):
 PSYoungGen      total 76800K, used 72599K [0x00000000d5580000, 0x00000000dd780000, 0x0000000100000000)
  eden space 66048K, 100% used [0x00000000d5580000,0x00000000d9600000,0x00000000d9600000)
  from space 10752K, 60% used [0x00000000d9600000,0x00000000d9c65ca8,0x00000000da080000)
  to   space 10240K, 0% used [0x00000000dcd80000,0x00000000dcd80000,0x00000000dd780000)
 ParOldGen       total 54784K, used 9039K [0x0000000080000000, 0x0000000083580000, 0x00000000d5580000)
  object space 54784K, 16% used [0x0000000080000000,0x00000000808d3c28,0x0000000083580000)
 Metaspace       used 33042K, capacity 34238K, committed 34304K, reserved 1079296K
  class space    used 4475K, capacity 4812K, committed 4864K, reserved 1048576K
Event: 14.383 GC heap after
Heap after GC invocations=9 (full 1):
 PSYoungGen      total 120832K, used 9995K [0x00000000d5580000, 0x00000000dd880000, 0x0000000100000000)
  eden space 110592K, 0% used [0x00000000d5580000,0x00000000d5580000,0x00000000dc180000)
  from space 10240K, 97% used [0x00000000dcd80000,0x00000000dd742fb8,0x00000000dd780000)
  to   space 11776K, 0% used [0x00000000dc180000,0x00000000dc180000,0x00000000dcd00000)
 ParOldGen       total 54784K, used 9047K [0x0000000080000000, 0x0000000083580000, 0x00000000d5580000)
  object space 54784K, 16% used [0x0000000080000000,0x00000000808d5c28,0x0000000083580000)
 Metaspace       used 33042K, capacity 34238K, committed 34304K, reserved 1079296K
  class space    used 4475K, capacity 4812K, committed 4864K, reserved 1048576K
}

Deoptimization events (10 events):
Event: 9.838 Thread 0x0000000019cb9000 Uncommon trap: reason=class_check action=maybe_recompile pc=0x000000000394d358 method=java.util.regex.Pattern$BmpCharProperty.match(Ljava/util/regex/Matcher;ILjava/lang/CharSequence;)Z @ 11
Event: 9.838 Thread 0x0000000019cb9000 Uncommon trap: reason=class_check action=maybe_recompile pc=0x000000000394d358 method=java.util.regex.Pattern$BmpCharProperty.match(Ljava/util/regex/Matcher;ILjava/lang/CharSequence;)Z @ 11
Event: 9.863 Thread 0x0000000019cb9000 Uncommon trap: reason=unstable_if action=reinterpret pc=0x000000000363354c method=java.io.WinNTFileSystem.resolve(Ljava/lang/String;Ljava/lang/String;)Ljava/lang/String; @ 49
Event: 12.134 Thread 0x0000000019cb9000 Uncommon trap: reason=unstable_if action=reinterpret pc=0x00000000034d720c method=java.lang.ClassLoader.getClassLoadingLock(Ljava/lang/String;)Ljava/lang/Object; @ 6
Event: 12.180 Thread 0x0000000017f59000 Uncommon trap: reason=unstable_if action=reinterpret pc=0x000000000388f6bc method=java.lang.ref.Reference.tryHandlePending(Z)Z @ 104
Event: 13.177 Thread 0x0000000019cb9000 Uncommon trap: reason=unstable_if action=reinterpret pc=0x000000000388e5a0 method=java.util.Properties$LineReader.readLine()I @ 81
Event: 14.354 Thread 0x0000000019cb9000 Uncommon trap: reason=unstable_if action=reinterpret pc=0x000000000347c5dc method=java.util.concurrent.SynchronousQueue$TransferStack.shouldSpin(Ljava/util/concurrent/SynchronousQueue$TransferStack$SNode;)Z @ 7
Event: 15.071 Thread 0x0000000019cb9000 Uncommon trap: reason=unstable_if action=reinterpret pc=0x00000000039c8314 method=java.lang.String.regionMatches(ZILjava/lang/String;II)Z @ 123
Event: 15.071 Thread 0x0000000019cb9000 Uncommon trap: reason=unstable_if action=reinterpret pc=0x000000000385d368 method=java.lang.String.regionMatches(ZILjava/lang/String;II)Z @ 123
Event: 15.115 Thread 0x0000000019cb9000 Uncommon trap: reason=unstable_if action=reinterpret pc=0x000000000385b69c method=sun.misc.URLClassPath$JarLoader.getResource(Ljava/lang/String;ZLjava/util/Set;)Lsun/misc/Resource; @ 17

Classes redefined (0 events):
No events

Internal exceptions (10 events):
Event: 15.076 Thread 0x0000000019cb9000 Exception <a 'java/lang/ClassNotFoundException': org/gradle/api/internal/plugins/DefaultObjectConfigurationActionBeanInfo> (0x00000000d6018720) thrown at [C:\src\AOSP-openjdk-git\hotspot\src\share\vm\classfile\systemDictionary.cpp, line 210]
Event: 15.076 Thread 0x0000000019cb9000 Exception <a 'java/lang/ClassNotFoundException': org/gradle/api/internal/plugins/DefaultObjectConfigurationActionCustomizer> (0x00000000d6051158) thrown at [C:\src\AOSP-openjdk-git\hotspot\src\share\vm\classfile\systemDictionary.cpp, line 210]
Event: 15.111 Thread 0x0000000019cb9000 Exception <a 'java/lang/ClassNotFoundException': JetGradlePluginBeanInfo> (0x00000000d612aed8) thrown at [C:\src\AOSP-openjdk-git\hotspot\src\share\vm\classfile\systemDictionary.cpp, line 210]
Event: 15.112 Thread 0x0000000019cb9000 Exception <a 'java/lang/ClassNotFoundException': JetGradlePluginCustomizer> (0x00000000d6133a90) thrown at [C:\src\AOSP-openjdk-git\hotspot\src\share\vm\classfile\systemDictionary.cpp, line 210]
Event: 15.117 Thread 0x0000000019cb9000 Exception <a 'java/lang/ClassNotFoundException': groovy/lang/ReferenceBeanInfo> (0x00000000d617d9a0) thrown at [C:\src\AOSP-openjdk-git\hotspot\src\share\vm\classfile\systemDictionary.cpp, line 210]
Event: 15.118 Thread 0x0000000019cb9000 Exception <a 'java/lang/ClassNotFoundException': groovy/lang/ReferenceCustomizer> (0x00000000d61a3e18) thrown at [C:\src\AOSP-openjdk-git\hotspot\src\share\vm\classfile\systemDictionary.cpp, line 210]
Event: 15.122 Thread 0x0000000019cb9000 Exception <a 'java/lang/ClassNotFoundException': RegistryProcessorBeanInfo> (0x00000000d61e1af8) thrown at [C:\src\AOSP-openjdk-git\hotspot\src\share\vm\classfile\systemDictionary.cpp, line 210]
Event: 15.122 Thread 0x0000000019cb9000 Exception <a 'java/lang/ClassNotFoundException': RegistryProcessorCustomizer> (0x00000000d61ea998) thrown at [C:\src\AOSP-openjdk-git\hotspot\src\share\vm\classfile\systemDictionary.cpp, line 210]
Event: 15.158 Thread 0x0000000019cb9000 Exception <a 'java/lang/ClassNotFoundException': org/jetbrains/plugins/gradle/tooling/internal/ExtraModelBuilderBeanInfo> (0x00000000d62670f8) thrown at [C:\src\AOSP-openjdk-git\hotspot\src\share\vm\classfile\systemDictionary.cpp, line 210]
Event: 15.158 Thread 0x0000000019cb9000 Exception <a 'java/lang/ClassNotFoundException': org/jetbrains/plugins/gradle/tooling/internal/ExtraModelBuilderCustomizer> (0x00000000d6271e68) thrown at [C:\src\AOSP-openjdk-git\hotspot\src\share\vm\classfile\systemDictionary.cpp, line 210]

Events (10 events):
Event: 15.157 loading class org/jetbrains/plugins/gradle/tooling/internal/ExtraModelBuilderBeanInfo
Event: 15.157 loading class org/jetbrains/plugins/gradle/tooling/internal/ExtraModelBuilderBeanInfo done
Event: 15.158 loading class org/jetbrains/plugins/gradle/tooling/internal/ExtraModelBuilderBeanInfo
Event: 15.158 loading class org/jetbrains/plugins/gradle/tooling/internal/ExtraModelBuilderBeanInfo done
Event: 15.158 loading class org/jetbrains/plugins/gradle/tooling/internal/ExtraModelBuilderCustomizer
Event: 15.158 loading class org/jetbrains/plugins/gradle/tooling/internal/ExtraModelBuilderCustomizer done
Event: 15.158 loading class org/jetbrains/plugins/gradle/tooling/internal/ExtraModelBuilderCustomizer
Event: 15.158 loading class org/jetbrains/plugins/gradle/tooling/internal/ExtraModelBuilderCustomizer done
Event: 15.159 loading class org/jetbrains/plugins/gradle/tooling/ErrorMessageBuilder
Event: 15.159 loading class org/jetbrains/plugins/gradle/tooling/ErrorMessageBuilder done


Dynamic libraries:
0x00007ff6f7e50000 - 0x00007ff6f7e81000 	C:\Program Files\Android\Android Studio\jre\bin\java.exe
0x00007ffc76d50000 - 0x00007ffc76f45000 	C:\WINDOWS\SYSTEM32\ntdll.dll
0x00007ffc74dc0000 - 0x00007ffc74e7d000 	C:\WINDOWS\System32\KERNEL32.DLL
0x00007ffc74800000 - 0x00007ffc74ac9000 	C:\WINDOWS\System32\KERNELBASE.dll
0x00007ffc74ff0000 - 0x00007ffc7509c000 	C:\WINDOWS\System32\ADVAPI32.dll
0x00007ffc74f50000 - 0x00007ffc74fee000 	C:\WINDOWS\System32\msvcrt.dll
0x00007ffc75de0000 - 0x00007ffc75e7b000 	C:\WINDOWS\System32\sechost.dll
0x00007ffc75ea0000 - 0x00007ffc75fca000 	C:\WINDOWS\System32\RPCRT4.dll
0x00007ffc76b70000 - 0x00007ffc76d10000 	C:\WINDOWS\System32\USER32.dll
0x00007ffc747d0000 - 0x00007ffc747f2000 	C:\WINDOWS\System32\win32u.dll
0x00007ffc761c0000 - 0x00007ffc761ea000 	C:\WINDOWS\System32\GDI32.dll
0x00007ffc74620000 - 0x00007ffc7472b000 	C:\WINDOWS\System32\gdi32full.dll
0x00007ffc74730000 - 0x00007ffc747cd000 	C:\WINDOWS\System32\msvcp_win.dll
0x00007ffc74490000 - 0x00007ffc74590000 	C:\WINDOWS\System32\ucrtbase.dll
0x00007ffc661e0000 - 0x00007ffc6647a000 	C:\WINDOWS\WinSxS\amd64_microsoft.windows.common-controls_6595b64144ccf1df_6.0.19041.1110_none_60b5254171f9507e\COMCTL32.dll
0x00007ffc762c0000 - 0x00007ffc762f0000 	C:\WINDOWS\System32\IMM32.DLL
0x00007ffc73280000 - 0x00007ffc732b3000 	C:\WINDOWS\SYSTEM32\ntmarta.dll
0x00007ffc74310000 - 0x00007ffc74341000 	C:\WINDOWS\SYSTEM32\SspiCli.dll
0x0000000071ad0000 - 0x0000000071ba2000 	C:\Program Files\Android\Android Studio\jre\jre\bin\msvcr100.dll
0x0000000070f30000 - 0x000000007177b000 	C:\Program Files\Android\Android Studio\jre\jre\bin\server\jvm.dll
0x00007ffc75630000 - 0x00007ffc75638000 	C:\WINDOWS\System32\PSAPI.DLL
0x00007ffc68490000 - 0x00007ffc68499000 	C:\WINDOWS\SYSTEM32\WSOCK32.dll
0x00007ffc537b0000 - 0x00007ffc537d7000 	C:\WINDOWS\SYSTEM32\WINMM.dll
0x00007ffc678c0000 - 0x00007ffc678ca000 	C:\WINDOWS\SYSTEM32\VERSION.dll
0x00007ffc76910000 - 0x00007ffc7697b000 	C:\WINDOWS\System32\WS2_32.dll
0x00007ffc71120000 - 0x00007ffc7112f000 	C:\Program Files\Android\Android Studio\jre\jre\bin\verify.dll
0x00007ffc51e90000 - 0x00007ffc51eb9000 	C:\Program Files\Android\Android Studio\jre\jre\bin\java.dll
0x00007ffc48750000 - 0x00007ffc48766000 	C:\Program Files\Android\Android Studio\jre\jre\bin\zip.dll
0x00007ffc756a0000 - 0x00007ffc75ddf000 	C:\WINDOWS\System32\SHELL32.dll
0x00007ffc724a0000 - 0x00007ffc72c31000 	C:\WINDOWS\SYSTEM32\windows.storage.dll
0x00007ffc764a0000 - 0x00007ffc767f5000 	C:\WINDOWS\System32\combase.dll
0x00007ffc73e30000 - 0x00007ffc73e5c000 	C:\WINDOWS\SYSTEM32\Wldp.dll
0x00007ffc75fd0000 - 0x00007ffc7607e000 	C:\WINDOWS\System32\SHCORE.dll
0x00007ffc76260000 - 0x00007ffc762b5000 	C:\WINDOWS\System32\shlwapi.dll
0x00007ffc743d0000 - 0x00007ffc743ef000 	C:\WINDOWS\SYSTEM32\profapi.dll
0x00007ffc48210000 - 0x00007ffc4822a000 	C:\Program Files\Android\Android Studio\jre\jre\bin\net.dll
0x00007ffc73b90000 - 0x00007ffc73bfa000 	C:\WINDOWS\system32\mswsock.dll
0x00007ffc473d0000 - 0x00007ffc473e3000 	C:\Program Files\Android\Android Studio\jre\jre\bin\nio.dll
0x00007ffc70450000 - 0x00007ffc70477000 	C:\Users\LAWAL\.gradle\native\f6784746aeab05261644944871eae4fe03e0ef1612fff0a4a95f87b438bc6780\windows-amd64\native-platform.dll
0x00007ffc71130000 - 0x00007ffc7113d000 	C:\Program Files\Android\Android Studio\jre\jre\bin\management.dll
0x00007ffc73d70000 - 0x00007ffc73d88000 	C:\WINDOWS\SYSTEM32\CRYPTSP.dll
0x00007ffc73530000 - 0x00007ffc73564000 	C:\WINDOWS\system32\rsaenh.dll
0x00007ffc74c30000 - 0x00007ffc74c57000 	C:\WINDOWS\System32\bcrypt.dll
0x00007ffc742e0000 - 0x00007ffc7430e000 	C:\WINDOWS\SYSTEM32\USERENV.dll
0x00007ffc74590000 - 0x00007ffc74613000 	C:\WINDOWS\System32\bcryptprimitives.dll
0x00007ffc73d90000 - 0x00007ffc73d9c000 	C:\WINDOWS\SYSTEM32\CRYPTBASE.dll
0x00007ffc73880000 - 0x00007ffc738bb000 	C:\WINDOWS\SYSTEM32\IPHLPAPI.DLL
0x00007ffc76250000 - 0x00007ffc76258000 	C:\WINDOWS\System32\NSI.dll
0x00007ffc6e2b0000 - 0x00007ffc6e2c7000 	C:\WINDOWS\SYSTEM32\dhcpcsvc6.DLL
0x00007ffc6e190000 - 0x00007ffc6e1ad000 	C:\WINDOWS\SYSTEM32\dhcpcsvc.DLL
0x00007ffc738c0000 - 0x00007ffc7398c000 	C:\WINDOWS\SYSTEM32\DNSAPI.dll
0x00007ffc6e3d0000 - 0x00007ffc6e3db000 	C:\WINDOWS\SYSTEM32\WINNSI.DLL

VM Arguments:
jvm_args: -Xmx2048m -Dfile.encoding=UTF-8 -Duser.country=US -Duser.language=en -Duser.variant 
java_command: org.gradle.launcher.daemon.bootstrap.GradleDaemon 6.5
java_class_path (initial): C:\Users\LAWAL\.gradle\wrapper\dists\gradle-6.5-bin\6nifqtx7604sqp1q6g8wikw7p\gradle-6.5\lib\gradle-launcher-6.5.jar
Launcher Type: SUN_STANDARD

Environment Variables:
JAVA_HOME=C:\Program Files\Java\jdk-16.0.1
PATH=C:\Program Files\Common Files\Oracle\Java\javapath;C:\Program Files (x86)\VMware\VMware Workstation\bin\;C:\Program Files (x86)\Common Files\Intel\Shared Files\cpp\bin\Intel64;C:\WINDOWS\system32;C:\WINDOWS;C:\WINDOWS\System32\Wbem;C:\WINDOWS\System32\WindowsPowerShell\v1.0\;C:\WINDOWS\System32\OpenSSH\;C:\Program Files\Git\cmd;C:\Program Files\Java\jdk-16.0.1\bin;C:\Users\LAWAL\Desktop\apktool;C:\Program Files\apache-maven-3.8.1\bin;C:\Users\LAWAL\AppData\Local\Microsoft\WindowsApps;;C:\Users\LAWAL\AppData\Local\Programs\Microsoft VS Code\bin;C:\Program Files\JetBrains\IntelliJ IDEA Community Edition 2021.1.2\bin;
USERNAME=LAWAL
OS=Windows_NT
PROCESSOR_IDENTIFIER=Intel64 Family 6 Model 142 Stepping 9, GenuineIntel



---------------  S Y S T E M  ---------------

OS: Windows 10.0 , 64 bit Build 19041 (10.0.19041.1023)

CPU:total 4 (initial active 4) (2 cores per cpu, 2 threads per core) family 6 model 142 stepping 9, cmov, cx8, fxsr, mmx, sse, sse2, sse3, ssse3, sse4.1, sse4.2, popcnt, avx, avx2, aes, clmul, erms, 3dnowpref, lzcnt, ht, tsc, tscinvbit, bmi1, bmi2, adx

Memory: 4k page, physical 8258124k(1319636k free), swap 33423948k(3976k free)

vm_info: OpenJDK 64-Bit Server VM (25.242-b01) for windows-amd64 JRE (1.8.0_242-release-1644-b01), built by "builder" with MS VC++ 10.0 (VS2010)

time: Mon Aug 16 10:55:38 2021
timezone: W. Central Africa Standard Time
elapsed time: 15 seconds (0d 0h 0m 15s)

